# JRE version: OpenJDK Runtime Environment Microsoft-9388408 (17.0.11+9) (build 17.0.11+9-LTS)
# Java VM: OpenJDK 64-Bit Server VM Microsoft-9388408 (17.0.11+9-LTS, mixed mode, sharing, tiered, compressed oops, compressed class ptrs, g1 gc, windows-amd64)
GC Precious Log:
 CPUs: 12 total, 12 available
 Memory: 8062M
 Large Page Support: Disabled
 NUMA Support: Disabled
 Compressed Oops: Enabled (32-bit)
 Heap Region Size: 1M
 Heap Min Capacity: 8M
 Heap Initial Capacity: 126M
 Heap Max Capacity: 2016M
 Pre-touch: Disabled
 Parallel Workers: 10
 Concurrent Workers: 3
 Concurrent Refinement Workers: 10
 Periodic GC: Disabled
Heap:
 garbage-first heap   total 99328K, used 49375K [0x0000000082000000, 0x0000000100000000)
  region size 1024K, 27 young (27648K), 5 survivors (5120K)
 Metaspace       used 40166K, committed 40448K, reserved 1114112K
  class space    used 5000K, committed 5120K, reserved 1048576K
GC Heap History (16 events):
Event: 1.492 GC heap before
{Heap before GC invocations=0 (full 0):
 garbage-first heap   total 129024K, used 27648K [0x0000000082000000, 0x0000000100000000)
  region size 1024K, 23 young (23552K), 0 survivors (0K)
 Metaspace       used 7173K, committed 7360K, reserved 1114112K
  class space    used 753K, committed 832K, reserved 1048576K
}
Event: 1.498 GC heap after
{Heap after GC invocations=1 (full 0):
 garbage-first heap   total 129024K, used 7015K [0x0000000082000000, 0x0000000100000000)
  region size 1024K, 3 young (3072K), 3 survivors (3072K)
 Metaspace       used 7173K, committed 7360K, reserved 1114112K
  class space    used 753K, committed 832K, reserved 1048576K
}
Event: 2.504 GC heap before
{Heap before GC invocations=1 (full 0):
 garbage-first heap   total 129024K, used 41831K [0x0000000082000000, 0x0000000100000000)
  region size 1024K, 35 young (35840K), 3 survivors (3072K)
 Metaspace       used 15294K, committed 15488K, reserved 1114112K
  class space    used 2014K, committed 2112K, reserved 1048576K
}
Event: 2.516 GC heap after
{Heap after GC invocations=2 (full 0):
 garbage-first heap   total 129024K, used 12596K [0x0000000082000000, 0x0000000100000000)
  region size 1024K, 4 young (4096K), 4 survivors (4096K)
 Metaspace       used 15294K, committed 15488K, reserved 1114112K
  class space    used 2014K, committed 2112K, reserved 1048576K
}
Event: 4.250 GC heap before
{Heap before GC invocations=2 (full 0):
 garbage-first heap   total 129024K, used 43316K [0x0000000082000000, 0x0000000100000000)
  region size 1024K, 35 young (35840K), 4 survivors (4096K)
 Metaspace       used 21335K, committed 21504K, reserved 1114112K
  class space    used 2879K, committed 2944K, reserved 1048576K
}
Event: 4.274 GC heap after
{Heap after GC invocations=3 (full 0):
 garbage-first heap   total 129024K, used 14753K [0x0000000082000000, 0x0000000100000000)
  region size 1024K, 8 young (8192K), 8 survivors (8192K)
 Metaspace       used 21335K, committed 21504K, reserved 1114112K
  class space    used 2879K, committed 2944K, reserved 1048576K
}
Event: 5.538 GC heap before
{Heap before GC invocations=4 (full 0):
 garbage-first heap   total 55296K, used 39329K [0x0000000082000000, 0x0000000100000000)
  region size 1024K, 32 young (32768K), 8 survivors (8192K)
 Metaspace       used 26115K, committed 26304K, reserved 1114112K
  class space    used 3320K, committed 3392K, reserved 1048576K
}
Event: 5.563 GC heap after
{Heap after GC invocations=5 (full 0):
 garbage-first heap   total 55296K, used 17462K [0x0000000082000000, 0x0000000100000000)
  region size 1024K, 3 young (3072K), 3 survivors (3072K)
 Metaspace       used 26115K, committed 26304K, reserved 1114112K
  class space    used 3320K, committed 3392K, reserved 1048576K
}
Event: 5.571 GC heap before
{Heap before GC invocations=5 (full 0):
 garbage-first heap   total 55296K, used 18486K [0x0000000082000000, 0x0000000100000000)
  region size 1024K, 4 young (4096K), 3 survivors (3072K)
 Metaspace       used 26124K, committed 26304K, reserved 1114112K
  class space    used 3320K, committed 3392K, reserved 1048576K
}
Event: 5.583 GC heap after
{Heap after GC invocations=6 (full 0):
 garbage-first heap   total 55296K, used 18109K [0x0000000082000000, 0x0000000100000000)
  region size 1024K, 1 young (1024K), 1 survivors (1024K)
 Metaspace       used 26124K, committed 26304K, reserved 1114112K
  class space    used 3320K, committed 3392K, reserved 1048576K
}
Event: 6.629 GC heap before
{Heap before GC invocations=6 (full 0):
 garbage-first heap   total 55296K, used 39613K [0x0000000082000000, 0x0000000100000000)
  region size 1024K, 22 young (22528K), 1 survivors (1024K)
 Metaspace       used 30848K, committed 31040K, reserved 1114112K
  class space    used 3835K, committed 3904K, reserved 1048576K
}
Event: 6.646 GC heap after
{Heap after GC invocations=7 (full 0):
 garbage-first heap   total 55296K, used 21237K [0x0000000082000000, 0x0000000100000000)
  region size 1024K, 3 young (3072K), 3 survivors (3072K)
 Metaspace       used 30848K, committed 31040K, reserved 1114112K
  class space    used 3835K, committed 3904K, reserved 1048576K
}
Event: 7.622 GC heap before
{Heap before GC invocations=7 (full 0):
 garbage-first heap   total 55296K, used 41717K [0x0000000082000000, 0x0000000100000000)
  region size 1024K, 22 young (22528K), 3 survivors (3072K)
 Metaspace       used 33968K, committed 34240K, reserved 1114112K
  class space    used 4192K, committed 4352K, reserved 1048576K
}
Event: 7.641 GC heap after
{Heap after GC invocations=8 (full 0):
 garbage-first heap   total 121856K, used 26570K [0x0000000082000000, 0x0000000100000000)
  region size 1024K, 3 young (3072K), 3 survivors (3072K)
 Metaspace       used 33968K, committed 34240K, reserved 1114112K
  class space    used 4192K, committed 4352K, reserved 1048576K
}
Event: 8.132 GC heap before
{Heap before GC invocations=8 (full 0):
 garbage-first heap   total 121856K, used 33738K [0x0000000082000000, 0x0000000100000000)
  region size 1024K, 11 young (11264K), 3 survivors (3072K)
 Metaspace       used 35941K, committed 36160K, reserved 1114112K
  class space    used 4410K, committed 4544K, reserved 1048576K
}
Event: 8.145 GC heap after
{Heap after GC invocations=9 (full 0):
 garbage-first heap   total 121856K, used 27871K [0x0000000082000000, 0x0000000100000000)
  region size 1024K, 5 young (5120K), 5 survivors (5120K)
 Metaspace       used 35941K, committed 36160K, reserved 1114112K
  class space    used 4410K, committed 4544K, reserved 1048576K
}

