# JRE version: OpenJDK Runtime Environment Microsoft-9388408 (17.0.11+9) (build 17.0.11+9-LTS)
# Java VM: OpenJDK 64-Bit Server VM Microsoft-9388408 (17.0.11+9-LTS, mixed mode, sharing, tiered, compressed oops, compressed class ptrs, g1 gc, windows-amd64)
GC Precious Log:
 CPUs: 12 total, 12 available
 Memory: 8062M
 Large Page Support: Disabled
 NUMA Support: Disabled
 Compressed Oops: Enabled (32-bit)
 Heap Region Size: 1M
 Heap Min Capacity: 8M
 Heap Initial Capacity: 126M
 Heap Max Capacity: 2016M
 Pre-touch: Disabled
 Parallel Workers: 10
 Concurrent Workers: 3
 Concurrent Refinement Workers: 10
 Periodic GC: Disabled
Heap:
 garbage-first heap   total 86016K, used 61639K [0x0000000082000000, 0x0000000100000000)
  region size 1024K, 42 young (43008K), 5 survivors (5120K)
 Metaspace       used 39935K, committed 40192K, reserved 1114112K
  class space    used 5048K, committed 5184K, reserved 1048576K
GC Heap History (14 events):
Event: 1.531 GC heap before
{Heap before GC invocations=0 (full 0):
 garbage-first heap   total 129024K, used 27648K [0x0000000082000000, 0x0000000100000000)
  region size 1024K, 23 young (23552K), 0 survivors (0K)
 Metaspace       used 7185K, committed 7360K, reserved 1114112K
  class space    used 751K, committed 832K, reserved 1048576K
}
Event: 1.537 GC heap after
{Heap after GC invocations=1 (full 0):
 garbage-first heap   total 129024K, used 7122K [0x0000000082000000, 0x0000000100000000)
  region size 1024K, 3 young (3072K), 3 survivors (3072K)
 Metaspace       used 7185K, committed 7360K, reserved 1114112K
  class space    used 751K, committed 832K, reserved 1048576K
}
Event: 2.585 GC heap before
{Heap before GC invocations=1 (full 0):
 garbage-first heap   total 129024K, used 42962K [0x0000000082000000, 0x0000000100000000)
  region size 1024K, 36 young (36864K), 3 survivors (3072K)
 Metaspace       used 15222K, committed 15424K, reserved 1114112K
  class space    used 2013K, committed 2112K, reserved 1048576K
}
Event: 2.599 GC heap after
{Heap after GC invocations=2 (full 0):
 garbage-first heap   total 129024K, used 12956K [0x0000000082000000, 0x0000000100000000)
  region size 1024K, 4 young (4096K), 4 survivors (4096K)
 Metaspace       used 15222K, committed 15424K, reserved 1114112K
  class space    used 2013K, committed 2112K, reserved 1048576K
}
Event: 4.376 GC heap before
{Heap before GC invocations=2 (full 0):
 garbage-first heap   total 129024K, used 39580K [0x0000000082000000, 0x0000000100000000)
  region size 1024K, 31 young (31744K), 4 survivors (4096K)
 Metaspace       used 21314K, committed 21504K, reserved 1114112K
  class space    used 2895K, committed 3008K, reserved 1048576K
}
Event: 4.391 GC heap after
{Heap after GC invocations=3 (full 0):
 garbage-first heap   total 129024K, used 14203K [0x0000000082000000, 0x0000000100000000)
  region size 1024K, 8 young (8192K), 8 survivors (8192K)
 Metaspace       used 21314K, committed 21504K, reserved 1114112K
  class space    used 2895K, committed 3008K, reserved 1048576K
}
Event: 5.600 GC heap before
{Heap before GC invocations=4 (full 0):
 garbage-first heap   total 58368K, used 40827K [0x0000000082000000, 0x0000000100000000)
  region size 1024K, 34 young (34816K), 8 survivors (8192K)
 Metaspace       used 26284K, committed 26496K, reserved 1114112K
  class space    used 3352K, committed 3456K, reserved 1048576K
}
Event: 5.626 GC heap after
{Heap after GC invocations=5 (full 0):
 garbage-first heap   total 58368K, used 17002K [0x0000000082000000, 0x0000000100000000)
  region size 1024K, 3 young (3072K), 3 survivors (3072K)
 Metaspace       used 26284K, committed 26496K, reserved 1114112K
  class space    used 3352K, committed 3456K, reserved 1048576K
}
Event: 5.649 GC heap before
{Heap before GC invocations=5 (full 0):
 garbage-first heap   total 58368K, used 18026K [0x0000000082000000, 0x0000000100000000)
  region size 1024K, 4 young (4096K), 3 survivors (3072K)
 Metaspace       used 26332K, committed 26496K, reserved 1114112K
  class space    used 3357K, committed 3456K, reserved 1048576K
}
Event: 5.660 GC heap after
{Heap after GC invocations=6 (full 0):
 garbage-first heap   total 58368K, used 18146K [0x0000000082000000, 0x0000000100000000)
  region size 1024K, 1 young (1024K), 1 survivors (1024K)
 Metaspace       used 26332K, committed 26496K, reserved 1114112K
  class space    used 3357K, committed 3456K, reserved 1048576K
}
Event: 6.779 GC heap before
{Heap before GC invocations=6 (full 0):
 garbage-first heap   total 58368K, used 40674K [0x0000000082000000, 0x0000000100000000)
  region size 1024K, 24 young (24576K), 1 survivors (1024K)
 Metaspace       used 31880K, committed 32064K, reserved 1114112K
  class space    used 3987K, committed 4032K, reserved 1048576K
}
Event: 6.794 GC heap after
{Heap after GC invocations=7 (full 0):
 garbage-first heap   total 116736K, used 20133K [0x0000000082000000, 0x0000000100000000)
  region size 1024K, 3 young (3072K), 3 survivors (3072K)
 Metaspace       used 31880K, committed 32064K, reserved 1114112K
  class space    used 3987K, committed 4032K, reserved 1048576K
}
Event: 7.983 GC heap before
{Heap before GC invocations=7 (full 0):
 garbage-first heap   total 116736K, used 36517K [0x0000000082000000, 0x0000000100000000)
  region size 1024K, 18 young (18432K), 3 survivors (3072K)
 Metaspace       used 36220K, committed 36416K, reserved 1114112K
  class space    used 4494K, committed 4608K, reserved 1048576K
}
Event: 7.995 GC heap after
{Heap after GC invocations=8 (full 0):
 garbage-first heap   total 116736K, used 23751K [0x0000000082000000, 0x0000000100000000)
  region size 1024K, 5 young (5120K), 5 survivors (5120K)
 Metaspace       used 36220K, committed 36416K, reserved 1114112K
  class space    used 4494K, committed 4608K, reserved 1048576K
}

