# JRE version: OpenJDK Runtime Environment Microsoft-9388408 (17.0.11+9) (build 17.0.11+9-LTS)
# Java VM: OpenJDK 64-Bit Server VM Microsoft-9388408 (17.0.11+9-LTS, mixed mode, sharing, tiered, compressed oops, compressed class ptrs, g1 gc, windows-amd64)
GC Precious Log:
 CPUs: 12 total, 12 available
 Memory: 8062M
 Large Page Support: Disabled
 NUMA Support: Disabled
 Compressed Oops: Enabled (32-bit)
 Heap Region Size: 1M
 Heap Min Capacity: 8M
 Heap Initial Capacity: 126M
 Heap Max Capacity: 2016M
 Pre-touch: Disabled
 Parallel Workers: 10
 Concurrent Workers: 3
 Concurrent Refinement Workers: 10
 Periodic GC: Disabled
Heap:
 garbage-first heap   total 100352K, used 45019K [0x0000000082000000, 0x0000000100000000)
  region size 1024K, 17 young (17408K), 1 survivors (1024K)
 Metaspace       used 37227K, committed 37504K, reserved 1114112K
  class space    used 4488K, committed 4608K, reserved 1048576K
GC Heap History (16 events):
Event: 1.530 GC heap before
{Heap before GC invocations=0 (full 0):
 garbage-first heap   total 129024K, used 27648K [0x0000000082000000, 0x0000000100000000)
  region size 1024K, 23 young (23552K), 0 survivors (0K)
 Metaspace       used 7161K, committed 7296K, reserved 1114112K
  class space    used 752K, committed 832K, reserved 1048576K
}
Event: 1.535 GC heap after
{Heap after GC invocations=1 (full 0):
 garbage-first heap   total 129024K, used 7168K [0x0000000082000000, 0x0000000100000000)
  region size 1024K, 3 young (3072K), 3 survivors (3072K)
 Metaspace       used 7161K, committed 7296K, reserved 1114112K
  class space    used 752K, committed 832K, reserved 1048576K
}
Event: 2.594 GC heap before
{Heap before GC invocations=1 (full 0):
 garbage-first heap   total 129024K, used 43008K [0x0000000082000000, 0x0000000100000000)
  region size 1024K, 36 young (36864K), 3 survivors (3072K)
 Metaspace       used 15336K, committed 15616K, reserved 1114112K
  class space    used 2015K, committed 2112K, reserved 1048576K
}
Event: 2.609 GC heap after
{Heap after GC invocations=2 (full 0):
 garbage-first heap   total 129024K, used 12470K [0x0000000082000000, 0x0000000100000000)
  region size 1024K, 4 young (4096K), 4 survivors (4096K)
 Metaspace       used 15336K, committed 15616K, reserved 1114112K
  class space    used 2015K, committed 2112K, reserved 1048576K
}
Event: 4.251 GC heap before
{Heap before GC invocations=2 (full 0):
 garbage-first heap   total 129024K, used 44214K [0x0000000082000000, 0x0000000100000000)
  region size 1024K, 36 young (36864K), 4 survivors (4096K)
 Metaspace       used 21353K, committed 21504K, reserved 1114112K
  class space    used 2877K, committed 2944K, reserved 1048576K
}
Event: 4.270 GC heap after
{Heap after GC invocations=3 (full 0):
 garbage-first heap   total 129024K, used 14976K [0x0000000082000000, 0x0000000100000000)
  region size 1024K, 8 young (8192K), 8 survivors (8192K)
 Metaspace       used 21353K, committed 21504K, reserved 1114112K
  class space    used 2877K, committed 2944K, reserved 1048576K
}
Event: 5.521 GC heap before
{Heap before GC invocations=4 (full 0):
 garbage-first heap   total 55296K, used 39552K [0x0000000082000000, 0x0000000100000000)
  region size 1024K, 32 young (32768K), 8 survivors (8192K)
 Metaspace       used 26025K, committed 26240K, reserved 1114112K
  class space    used 3305K, committed 3392K, reserved 1048576K
}
Event: 5.542 GC heap after
{Heap after GC invocations=5 (full 0):
 garbage-first heap   total 55296K, used 17798K [0x0000000082000000, 0x0000000100000000)
  region size 1024K, 3 young (3072K), 3 survivors (3072K)
 Metaspace       used 26025K, committed 26240K, reserved 1114112K
  class space    used 3305K, committed 3392K, reserved 1048576K
}
Event: 5.569 GC heap before
{Heap before GC invocations=5 (full 0):
 garbage-first heap   total 55296K, used 18822K [0x0000000082000000, 0x0000000100000000)
  region size 1024K, 4 young (4096K), 3 survivors (3072K)
 Metaspace       used 26279K, committed 26432K, reserved 1114112K
  class space    used 3329K, committed 3392K, reserved 1048576K
}
Event: 5.578 GC heap after
{Heap after GC invocations=6 (full 0):
 garbage-first heap   total 55296K, used 18644K [0x0000000082000000, 0x0000000100000000)
  region size 1024K, 1 young (1024K), 1 survivors (1024K)
 Metaspace       used 26279K, committed 26432K, reserved 1114112K
  class space    used 3329K, committed 3392K, reserved 1048576K
}
Event: 6.701 GC heap before
{Heap before GC invocations=6 (full 0):
 garbage-first heap   total 55296K, used 39124K [0x0000000082000000, 0x0000000100000000)
  region size 1024K, 22 young (22528K), 1 survivors (1024K)
 Metaspace       used 30406K, committed 30592K, reserved 1114112K
  class space    used 3755K, committed 3840K, reserved 1048576K
}
Event: 6.719 GC heap after
{Heap after GC invocations=7 (full 0):
 garbage-first heap   total 100352K, used 20900K [0x0000000082000000, 0x0000000100000000)
  region size 1024K, 3 young (3072K), 3 survivors (3072K)
 Metaspace       used 30406K, committed 30592K, reserved 1114112K
  class space    used 3755K, committed 3840K, reserved 1048576K
}
Event: 8.434 GC heap before
{Heap before GC invocations=7 (full 0):
 garbage-first heap   total 100352K, used 75172K [0x0000000082000000, 0x0000000100000000)
  region size 1024K, 53 young (54272K), 3 survivors (3072K)
 Metaspace       used 35529K, committed 35712K, reserved 1114112K
  class space    used 4303K, committed 4416K, reserved 1048576K
}
Event: 8.460 GC heap after
{Heap after GC invocations=8 (full 0):
 garbage-first heap   total 100352K, used 28447K [0x0000000082000000, 0x0000000100000000)
  region size 1024K, 7 young (7168K), 7 survivors (7168K)
 Metaspace       used 35529K, committed 35712K, reserved 1114112K
  class space    used 4303K, committed 4416K, reserved 1048576K
}
Event: 8.786 GC heap before
{Heap before GC invocations=8 (full 0):
 garbage-first heap   total 100352K, used 31519K [0x0000000082000000, 0x0000000100000000)
  region size 1024K, 11 young (11264K), 7 survivors (7168K)
 Metaspace       used 36053K, committed 36288K, reserved 1114112K
  class space    used 4359K, committed 4480K, reserved 1048576K
}
Event: 8.806 GC heap after
{Heap after GC invocations=9 (full 0):
 garbage-first heap   total 100352K, used 29659K [0x0000000082000000, 0x0000000100000000)
  region size 1024K, 1 young (1024K), 1 survivors (1024K)
 Metaspace       used 36053K, committed 36288K, reserved 1114112K
  class space    used 4359K, committed 4480K, reserved 1048576K
}

